<?xml version="1.0" encoding="UTF-8"?>
<!-- Generated by org.testng.reporters.JUnitReportReporter -->
<testsuite hostname="DESKTOP-83FB231" failures="0" tests="3" name="org.task.ProTestNg" time="0.018" errors="0" timestamp="2022-03-06T12:07:32 IST" skipped="0">
  <testcase classname="org.task.ProTestNg" name="tc0" time="0.009"/>
  <system-out/>
  <testcase classname="org.task.ProTestNg" name="tc01" time="0.005"/>
  <system-out/>
  <testcase classname="org.task.ProTestNg" name="tc02" time="0.004"/>
  <system-out/>
</testsuite> <!-- org.task.ProTestNg -->
